2021-04-03 10:57:40,946:INFO:PyCaret Classification Module
2021-04-03 10:57:40,948:INFO:version 2.1.2
2021-04-03 10:57:40,949:INFO:Initializing setup()
2021-04-03 10:57:40,950:INFO:USI: e99b
2021-04-03 10:57:40,951:INFO:setup(data=(5180846, 71), target=testtarget, train_size=0.7, sampling=True, sample_estimator=None, categorical_features=None, categorical_imputation=constant, ordinal_features=None,
                    high_cardinality_features=None, high_cardinality_method=frequency, numeric_features=None, numeric_imputation=mean, date_features=None, ignore_features=None, normalize=False,
                    normalize_method=zscore, transformation=False, transformation_method=yeo-johnson, handle_unknown_categorical=True, unknown_categorical_method=least_frequent, pca=False, pca_method=linear,
                    pca_components=None, ignore_low_variance=False, combine_rare_levels=False, rare_level_threshold=0.1, bin_numeric_features=None, remove_outliers=False, outliers_threshold=0.05,
                    remove_multicollinearity=False, multicollinearity_threshold=0.9, remove_perfect_collinearity=False, create_clusters=False, cluster_iter=20,
                    polynomial_features=False, polynomial_degree=2, trigonometry_features=False, polynomial_threshold=0.1, group_features=None,
                    group_names=None, feature_selection=False, feature_selection_threshold=0.8, feature_interaction=False, feature_ratio=False, interaction_threshold=0.01,
                    fix_imbalance=False, fix_imbalance_method=None, data_split_shuffle=True, folds_shuffle=False, n_jobs=-1, html=True, session_id=None, log_experiment=False,
                    experiment_name=None, log_plots=False, log_profile=False, log_data=False, silent=False, verbose=True, profile=True)
2021-04-03 10:57:40,951:INFO:Checking environment
2021-04-03 10:57:40,953:INFO:python_version: 3.9.2
2021-04-03 10:57:40,954:INFO:python_build: ('default', 'Mar  3 2021 20:02:32')
2021-04-03 10:57:40,954:INFO:machine: x86_64
2021-04-03 10:57:41,632:INFO:platform: Linux-5.8.0-48-generic-x86_64-with-glibc2.31
2021-04-03 10:57:41,726:INFO:Memory: svmem(total=67303043072, available=31254679552, percent=53.6, used=35334447104, free=10788581376, active=42388213760, inactive=12674953216, buffers=10016690176, cached=11163324416, shared=162045952, slab=633896960)
2021-04-03 10:57:41,730:INFO:Physical Core: 6
2021-04-03 10:57:41,731:INFO:Logical Core: 12
2021-04-03 10:57:41,732:INFO:Checking libraries
2021-04-03 10:57:41,733:INFO:pd==1.2.3
2021-04-03 10:57:41,733:INFO:numpy==1.20.2
2021-04-03 10:57:43,399:INFO:sklearn==0.24.1
2021-04-03 10:57:43,513:INFO:xgboost==1.3.3
2021-04-03 10:57:44,006:INFO:lightgbm==3.2.0
2021-04-03 10:57:44,113:INFO:catboost==0.25
2021-04-03 10:57:44,392:INFO:mlflow==1.15.0
2021-04-03 10:57:44,393:INFO:Checking Exceptions
2021-04-03 10:57:44,393:INFO:Preloading libraries
2021-04-03 10:57:44,394:INFO:Preparing display monitor
2021-04-03 10:57:44,405:INFO:Importing libraries
2021-04-03 10:57:44,843:INFO:Declaring global variables
2021-04-03 10:57:44,843:INFO:Copying data for preprocessing
2021-04-03 10:57:46,997:INFO:Declaring preprocessing parameters
2021-04-03 10:57:46,998:INFO:Importing preprocessing module
2021-04-03 10:57:47,577:INFO:Creating preprocessing pipeline
2021-04-03 11:18:34,088:INFO:PyCaret Classification Module
2021-04-03 11:18:34,089:INFO:version 2.1.2
2021-04-03 11:18:34,090:INFO:Initializing setup()
2021-04-03 11:18:34,090:INFO:USI: 9270
2021-04-03 11:18:34,091:INFO:setup(data=(517584, 9), target=testtarget, train_size=0.7, sampling=True, sample_estimator=None, categorical_features=None, categorical_imputation=constant, ordinal_features=None,
                    high_cardinality_features=None, high_cardinality_method=frequency, numeric_features=None, numeric_imputation=mean, date_features=None, ignore_features=None, normalize=False,
                    normalize_method=zscore, transformation=False, transformation_method=yeo-johnson, handle_unknown_categorical=True, unknown_categorical_method=least_frequent, pca=False, pca_method=linear,
                    pca_components=None, ignore_low_variance=False, combine_rare_levels=False, rare_level_threshold=0.1, bin_numeric_features=None, remove_outliers=False, outliers_threshold=0.05,
                    remove_multicollinearity=False, multicollinearity_threshold=0.9, remove_perfect_collinearity=False, create_clusters=False, cluster_iter=20,
                    polynomial_features=False, polynomial_degree=2, trigonometry_features=False, polynomial_threshold=0.1, group_features=None,
                    group_names=None, feature_selection=False, feature_selection_threshold=0.8, feature_interaction=False, feature_ratio=False, interaction_threshold=0.01,
                    fix_imbalance=False, fix_imbalance_method=None, data_split_shuffle=True, folds_shuffle=False, n_jobs=-1, html=True, session_id=None, log_experiment=False,
                    experiment_name=None, log_plots=False, log_profile=False, log_data=False, silent=False, verbose=True, profile=True)
2021-04-03 11:18:34,091:INFO:Checking environment
2021-04-03 11:18:34,092:INFO:python_version: 3.9.2
2021-04-03 11:18:34,093:INFO:python_build: ('default', 'Mar  3 2021 20:02:32')
2021-04-03 11:18:34,093:INFO:machine: x86_64
2021-04-03 11:18:34,094:INFO:platform: Linux-5.8.0-48-generic-x86_64-with-glibc2.31
2021-04-03 11:18:34,094:INFO:Memory: svmem(total=67303043072, available=19757064192, percent=70.6, used=46837305344, free=7135973376, active=53017112576, inactive=5663772672, buffers=3049316352, cached=10280448000, shared=152031232, slab=627298304)
2021-04-03 11:18:34,096:INFO:Physical Core: 6
2021-04-03 11:18:34,096:INFO:Logical Core: 12
2021-04-03 11:18:34,097:INFO:Checking libraries
2021-04-03 11:18:34,097:INFO:pd==1.2.3
2021-04-03 11:18:34,098:INFO:numpy==1.20.2
2021-04-03 11:18:34,099:INFO:sklearn==0.24.1
2021-04-03 11:18:34,099:INFO:xgboost==1.3.3
2021-04-03 11:18:34,099:INFO:lightgbm==3.2.0
2021-04-03 11:18:34,100:INFO:catboost==0.25
2021-04-03 11:18:34,100:INFO:mlflow==1.15.0
2021-04-03 11:18:34,101:INFO:Checking Exceptions
2021-04-03 11:18:34,102:INFO:Preloading libraries
2021-04-03 11:18:34,103:INFO:Preparing display monitor
2021-04-03 11:18:34,115:INFO:Importing libraries
2021-04-03 11:18:34,118:INFO:Declaring global variables
2021-04-03 11:18:34,119:INFO:Copying data for preprocessing
2021-04-03 11:18:34,651:INFO:Declaring preprocessing parameters
2021-04-03 11:18:34,651:INFO:Importing preprocessing module
2021-04-03 11:18:34,652:INFO:Creating preprocessing pipeline
2021-04-03 11:18:52,854:INFO:Preprocessing pipeline created successfully
2021-04-03 11:18:52,855:INFO:Creating grid variables
2021-04-03 11:18:52,897:INFO:Creating global containers
2021-04-03 11:18:53,031:INFO:Sampling dataset
2021-04-03 11:21:11,275:INFO:PyCaret Classification Module
2021-04-03 11:21:11,276:INFO:version 2.1.2
2021-04-03 11:21:11,276:INFO:Initializing setup()
2021-04-03 11:21:11,277:INFO:USI: 7d12
2021-04-03 11:21:11,277:INFO:setup(data=(517181, 9), target=testtarget, train_size=0.7, sampling=True, sample_estimator=None, categorical_features=None, categorical_imputation=constant, ordinal_features=None,
                    high_cardinality_features=None, high_cardinality_method=frequency, numeric_features=None, numeric_imputation=mean, date_features=None, ignore_features=None, normalize=False,
                    normalize_method=zscore, transformation=False, transformation_method=yeo-johnson, handle_unknown_categorical=True, unknown_categorical_method=least_frequent, pca=False, pca_method=linear,
                    pca_components=None, ignore_low_variance=False, combine_rare_levels=False, rare_level_threshold=0.1, bin_numeric_features=None, remove_outliers=False, outliers_threshold=0.05,
                    remove_multicollinearity=False, multicollinearity_threshold=0.9, remove_perfect_collinearity=False, create_clusters=False, cluster_iter=20,
                    polynomial_features=False, polynomial_degree=2, trigonometry_features=False, polynomial_threshold=0.1, group_features=None,
                    group_names=None, feature_selection=False, feature_selection_threshold=0.8, feature_interaction=False, feature_ratio=False, interaction_threshold=0.01,
                    fix_imbalance=False, fix_imbalance_method=None, data_split_shuffle=True, folds_shuffle=False, n_jobs=-1, html=True, session_id=None, log_experiment=False,
                    experiment_name=None, log_plots=False, log_profile=False, log_data=False, silent=False, verbose=True, profile=True)
2021-04-03 11:21:11,278:INFO:Checking environment
2021-04-03 11:21:11,279:INFO:python_version: 3.9.2
2021-04-03 11:21:11,279:INFO:python_build: ('default', 'Mar  3 2021 20:02:32')
2021-04-03 11:21:11,280:INFO:machine: x86_64
2021-04-03 11:21:11,280:INFO:platform: Linux-5.8.0-48-generic-x86_64-with-glibc2.31
2021-04-03 11:21:11,281:INFO:Memory: svmem(total=67303043072, available=42540658688, percent=36.8, used=24056270848, free=29916921856, active=30281404416, inactive=5661294592, buffers=3050631168, cached=10279219200, shared=149385216, slab=627425280)
2021-04-03 11:21:11,282:INFO:Physical Core: 6
2021-04-03 11:21:11,283:INFO:Logical Core: 12
2021-04-03 11:21:11,283:INFO:Checking libraries
2021-04-03 11:21:11,284:INFO:pd==1.2.3
2021-04-03 11:21:11,284:INFO:numpy==1.20.2
2021-04-03 11:21:11,285:INFO:sklearn==0.24.1
2021-04-03 11:21:11,285:INFO:xgboost==1.3.3
2021-04-03 11:21:11,286:INFO:lightgbm==3.2.0
2021-04-03 11:21:11,287:INFO:catboost==0.25
2021-04-03 11:21:11,288:INFO:mlflow==1.15.0
2021-04-03 11:21:11,288:INFO:Checking Exceptions
2021-04-03 11:21:11,289:INFO:Preloading libraries
2021-04-03 11:21:11,290:INFO:Preparing display monitor
2021-04-03 11:21:11,299:INFO:Importing libraries
2021-04-03 11:21:11,301:INFO:Declaring global variables
2021-04-03 11:21:11,301:INFO:Copying data for preprocessing
2021-04-03 11:21:11,312:INFO:Declaring preprocessing parameters
2021-04-03 11:21:11,313:INFO:Importing preprocessing module
2021-04-03 11:21:11,313:INFO:Creating preprocessing pipeline
2021-04-03 11:21:30,630:INFO:Preprocessing pipeline created successfully
2021-04-03 11:21:30,631:INFO:Creating grid variables
2021-04-03 11:21:30,672:INFO:Creating global containers
2021-04-03 11:21:30,892:INFO:Sampling dataset
2021-04-03 11:24:30,804:INFO:PyCaret Classification Module
2021-04-03 11:24:30,804:INFO:version 2.1.2
2021-04-03 11:24:30,805:INFO:Initializing setup()
2021-04-03 11:24:30,805:INFO:USI: b600
2021-04-03 11:24:30,806:INFO:setup(data=(518223, 9), target=testtarget, train_size=0.7, sampling=True, sample_estimator=None, categorical_features=None, categorical_imputation=constant, ordinal_features=None,
                    high_cardinality_features=None, high_cardinality_method=frequency, numeric_features=None, numeric_imputation=mean, date_features=None, ignore_features=None, normalize=False,
                    normalize_method=zscore, transformation=False, transformation_method=yeo-johnson, handle_unknown_categorical=True, unknown_categorical_method=least_frequent, pca=False, pca_method=linear,
                    pca_components=None, ignore_low_variance=False, combine_rare_levels=False, rare_level_threshold=0.1, bin_numeric_features=None, remove_outliers=False, outliers_threshold=0.05,
                    remove_multicollinearity=False, multicollinearity_threshold=0.9, remove_perfect_collinearity=False, create_clusters=False, cluster_iter=20,
                    polynomial_features=False, polynomial_degree=2, trigonometry_features=False, polynomial_threshold=0.1, group_features=None,
                    group_names=None, feature_selection=False, feature_selection_threshold=0.8, feature_interaction=False, feature_ratio=False, interaction_threshold=0.01,
                    fix_imbalance=False, fix_imbalance_method=None, data_split_shuffle=True, folds_shuffle=False, n_jobs=-1, html=True, session_id=None, log_experiment=False,
                    experiment_name=None, log_plots=False, log_profile=False, log_data=False, silent=False, verbose=True, profile=True)
2021-04-03 11:24:30,806:INFO:Checking environment
2021-04-03 11:24:30,807:INFO:python_version: 3.9.2
2021-04-03 11:24:30,808:INFO:python_build: ('default', 'Mar  3 2021 20:02:32')
2021-04-03 11:24:30,808:INFO:machine: x86_64
2021-04-03 11:24:30,809:INFO:platform: Linux-5.8.0-48-generic-x86_64-with-glibc2.31
2021-04-03 11:24:30,810:INFO:Memory: svmem(total=67303043072, available=41383436288, percent=38.5, used=25059831808, free=28823445504, active=31418204160, inactive=5616066560, buffers=3055869952, cached=10363895808, shared=192614400, slab=626421760)
2021-04-03 11:24:30,811:INFO:Physical Core: 6
2021-04-03 11:24:30,812:INFO:Logical Core: 12
2021-04-03 11:24:30,812:INFO:Checking libraries
2021-04-03 11:24:30,813:INFO:pd==1.2.3
2021-04-03 11:24:30,814:INFO:numpy==1.20.2
2021-04-03 11:24:30,815:INFO:sklearn==0.24.1
2021-04-03 11:24:30,815:INFO:xgboost==1.3.3
2021-04-03 11:24:30,816:INFO:lightgbm==3.2.0
2021-04-03 11:24:30,816:INFO:catboost==0.25
2021-04-03 11:24:30,817:INFO:mlflow==1.15.0
2021-04-03 11:24:30,818:INFO:Checking Exceptions
2021-04-03 11:24:30,818:INFO:Preloading libraries
2021-04-03 11:24:30,819:INFO:Preparing display monitor
2021-04-03 11:24:30,830:INFO:Importing libraries
2021-04-03 11:24:30,832:INFO:Declaring global variables
2021-04-03 11:24:30,832:INFO:Copying data for preprocessing
2021-04-03 11:24:30,844:INFO:Declaring preprocessing parameters
2021-04-03 11:24:30,845:INFO:Importing preprocessing module
2021-04-03 11:24:30,846:INFO:Creating preprocessing pipeline
2021-04-03 11:24:44,822:INFO:Preprocessing pipeline created successfully
2021-04-03 11:24:44,823:INFO:Creating grid variables
2021-04-03 11:24:44,884:INFO:Creating global containers
2021-04-03 11:24:45,016:INFO:Sampling dataset
2021-04-03 11:26:22,574:INFO:PyCaret Classification Module
2021-04-03 11:26:22,575:INFO:version 2.1.2
2021-04-03 11:26:22,575:INFO:Initializing setup()
2021-04-03 11:26:22,576:INFO:USI: de23
2021-04-03 11:26:22,577:INFO:setup(data=(5179519, 9), target=testtarget, train_size=0.7, sampling=True, sample_estimator=None, categorical_features=None, categorical_imputation=constant, ordinal_features=None,
                    high_cardinality_features=None, high_cardinality_method=frequency, numeric_features=None, numeric_imputation=mean, date_features=None, ignore_features=None, normalize=False,
                    normalize_method=zscore, transformation=False, transformation_method=yeo-johnson, handle_unknown_categorical=True, unknown_categorical_method=least_frequent, pca=False, pca_method=linear,
                    pca_components=None, ignore_low_variance=False, combine_rare_levels=False, rare_level_threshold=0.1, bin_numeric_features=None, remove_outliers=False, outliers_threshold=0.05,
                    remove_multicollinearity=False, multicollinearity_threshold=0.9, remove_perfect_collinearity=False, create_clusters=False, cluster_iter=20,
                    polynomial_features=False, polynomial_degree=2, trigonometry_features=False, polynomial_threshold=0.1, group_features=None,
                    group_names=None, feature_selection=False, feature_selection_threshold=0.8, feature_interaction=False, feature_ratio=False, interaction_threshold=0.01,
                    fix_imbalance=False, fix_imbalance_method=None, data_split_shuffle=True, folds_shuffle=False, n_jobs=-1, html=True, session_id=None, log_experiment=False,
                    experiment_name=None, log_plots=False, log_profile=False, log_data=False, silent=False, verbose=True, profile=True)
2021-04-03 11:26:22,577:INFO:Checking environment
2021-04-03 11:26:22,578:INFO:python_version: 3.9.2
2021-04-03 11:26:22,578:INFO:python_build: ('default', 'Mar  3 2021 20:02:32')
2021-04-03 11:26:22,579:INFO:machine: x86_64
2021-04-03 11:26:22,579:INFO:platform: Linux-5.8.0-48-generic-x86_64-with-glibc2.31
2021-04-03 11:26:22,580:INFO:Memory: svmem(total=67303043072, available=38613098496, percent=42.6, used=27827003392, free=26049142784, active=34174074880, inactive=5629063168, buffers=3056386048, cached=10370510848, shared=196030464, slab=626499584)
2021-04-03 11:26:22,581:INFO:Physical Core: 6
2021-04-03 11:26:22,581:INFO:Logical Core: 12
2021-04-03 11:26:22,582:INFO:Checking libraries
2021-04-03 11:26:22,582:INFO:pd==1.2.3
2021-04-03 11:26:22,583:INFO:numpy==1.20.2
2021-04-03 11:26:22,583:INFO:sklearn==0.24.1
2021-04-03 11:26:22,584:INFO:xgboost==1.3.3
2021-04-03 11:26:22,584:INFO:lightgbm==3.2.0
2021-04-03 11:26:22,585:INFO:catboost==0.25
2021-04-03 11:26:22,586:INFO:mlflow==1.15.0
2021-04-03 11:26:22,586:INFO:Checking Exceptions
2021-04-03 11:26:22,587:INFO:Preloading libraries
2021-04-03 11:26:22,588:INFO:Preparing display monitor
2021-04-03 11:26:22,598:INFO:Importing libraries
2021-04-03 11:26:22,601:INFO:Declaring global variables
2021-04-03 11:26:22,602:INFO:Copying data for preprocessing
2021-04-03 11:26:22,733:INFO:Declaring preprocessing parameters
2021-04-03 11:26:22,734:INFO:Importing preprocessing module
2021-04-03 11:26:22,735:INFO:Creating preprocessing pipeline
2021-04-03 11:27:36,253:INFO:Preprocessing pipeline created successfully
2021-04-03 11:27:36,254:INFO:Creating grid variables
2021-04-03 11:27:36,779:INFO:Creating global containers
2021-04-03 11:27:40,273:INFO:Sampling dataset
